<?xml version="1.0" encoding="UTF-8"?>
<!-- Generated by org.testng.reporters.JUnitReportReporter -->
<testsuite hostname="MGTECHLPT311" failures="0" tests="1" name="TestClass.TC_005_ProductPage_Test" time="7.596" errors="0" timestamp="2023-05-22T17:52:01 IST" skipped="0">
  <testcase classname="TestClass.TC_005_ProductPage_Test" name="ProductPage_Test" time="7.596"/>
  <system-out/>
</testsuite> <!-- TestClass.TC_005_ProductPage_Test -->
