<?xml version="1.0" encoding="UTF-8"?>
<!-- Generated by org.testng.reporters.JUnitReportReporter -->
<testsuite hostname="MGTECHLPT311" failures="0" tests="2" name="TestClass.TC_005_ProductSearchPage_Test" time="6.271" errors="0" timestamp="2023-05-31T10:37:33 IST" skipped="0">
  <testcase classname="TestClass.TC_005_ProductSearchPage_Test" name="Search_Product" time="4.829"/>
  <system-out/>
  <testcase classname="TestClass.TC_005_ProductSearchPage_Test" name="ProductPage_Test" time="1.442"/>
  <system-out/>
</testsuite> <!-- TestClass.TC_005_ProductSearchPage_Test -->
