<?xml version="1.0" encoding="UTF-8"?>
<!-- Generated by org.testng.reporters.JUnitReportReporter -->
<testsuite hostname="MGTECHLPT311" failures="0" tests="2" name="TestClass.TC_006_WishListPage_Test" time="7.989" errors="0" timestamp="2023-05-31T10:38:18 IST" skipped="0">
  <testcase classname="TestClass.TC_006_WishListPage_Test" name="WishListPage_Test" time="6.190"/>
  <system-out/>
  <testcase classname="TestClass.TC_006_WishListPage_Test" name="ProductTest" time="1.799"/>
  <system-out/>
</testsuite> <!-- TestClass.TC_006_WishListPage_Test -->
