<?xml version="1.0" encoding="UTF-8"?>
<!-- Generated by org.testng.reporters.JUnitReportReporter -->
<testsuite hostname="MGTECHLPT311" failures="0" tests="1" name="TestClass.TC_008_CheckOutPage_Test" time="11.932" errors="0" timestamp="2023-05-31T10:53:50 IST" skipped="0">
  <testcase classname="TestClass.TC_008_CheckOutPage_Test" name="CheckOutPage_Tes" time="11.932"/>
  <system-out/>
</testsuite> <!-- TestClass.TC_008_CheckOutPage_Test -->
