<?xml version="1.0" encoding="UTF-8"?>
<!-- Generated by org.testng.reporters.JUnitReportReporter -->
<testsuite hostname="MGTECHLPT311" failures="0" tests="2" name="TestClass.TC_005_ProductSearchPage_Test" time="4.840" errors="0" timestamp="2023-06-05T13:15:25 IST" skipped="0">
  <testcase classname="TestClass.TC_005_ProductSearchPage_Test" name="Search_Product" time="3.872"/>
  <system-out/>
  <testcase classname="TestClass.TC_005_ProductSearchPage_Test" name="ProductPage_Test" time="0.968"/>
  <system-out/>
</testsuite> <!-- TestClass.TC_005_ProductSearchPage_Test -->
