<?xml version="1.0" encoding="UTF-8"?>
<!-- Generated by org.testng.reporters.JUnitReportReporter -->
<testsuite hostname="MGTECHLPT311" failures="0" tests="3" name="TestClass.TC_001_IndexPage_Test" time="2.119" errors="0" timestamp="2023-06-05T13:15:25 IST" skipped="0">
  <testcase classname="TestClass.TC_001_IndexPage_Test" name="LogoTest" time="0.045"/>
  <system-out/>
  <testcase classname="TestClass.TC_001_IndexPage_Test" name="TitleTest" time="0.010"/>
  <system-out/>
  <testcase classname="TestClass.TC_001_IndexPage_Test" name="AccountSetuptest" time="2.064"/>
  <system-out/>
</testsuite> <!-- TestClass.TC_001_IndexPage_Test -->
