<?xml version="1.0" encoding="UTF-8"?>
<!-- Generated by org.testng.reporters.JUnitReportReporter -->
<testsuite hostname="MGTECHLPT311" failures="0" tests="2" name="TestClass.TC_004_HomePage_Test" time="7.927" errors="0" timestamp="2023-06-05T13:15:25 IST" skipped="0">
  <testcase classname="TestClass.TC_004_HomePage_Test" name="HomePage_Test" time="1.156"/>
  <system-out/>
  <testcase classname="TestClass.TC_004_HomePage_Test" name="Verify_DisplayMsg" time="6.771"/>
  <system-out/>
</testsuite> <!-- TestClass.TC_004_HomePage_Test -->
